2023-07-10 21:54:19 INFO  DbService:106 - client removed
2023-07-10 21:54:19 INFO  DbService:106 - client removed
2023-07-10 21:54:42 INFO  DbService:106 - client removed
2023-07-10 21:54:42 INFO  DbService:106 - client removed
2023-07-10 22:22:14 INFO  GraphService:46 - graph inserted
2023-07-10 22:22:14 INFO  NodeService:103 - node inserted
2023-07-10 22:22:14 INFO  NodeService:103 - node inserted
2023-07-10 22:22:14 INFO  NodeService:103 - node inserted
2023-07-10 22:22:14 INFO  NodeService:103 - node inserted
2023-07-10 22:22:15 INFO  NodeService:103 - node inserted
2023-07-10 22:22:15 INFO  EdgeService:59 - edge inserted
2023-07-10 22:22:15 INFO  EdgeService:59 - edge inserted
2023-07-10 22:22:15 INFO  EdgeService:59 - edge inserted
2023-07-10 22:22:15 INFO  EdgeService:59 - edge inserted
2023-07-10 22:22:15 INFO  EdgeService:59 - edge inserted
2023-07-10 22:22:15 INFO  EdgeService:59 - edge inserted
2023-07-10 22:22:15 INFO  EdgeService:59 - edge inserted
2023-07-10 22:22:15 INFO  EdgeService:59 - edge inserted
2023-07-10 22:22:15 INFO  EdgeService:59 - edge inserted
2023-07-10 22:22:15 INFO  EdgeService:59 - edge inserted
2023-07-10 22:22:15 INFO  EdgeService:59 - edge inserted
2023-07-10 22:22:15 INFO  EdgeService:59 - edge inserted
2023-07-10 22:22:15 INFO  EdgeService:59 - edge inserted
2023-07-10 22:22:15 INFO  EdgeService:59 - edge inserted
2023-07-10 22:22:15 INFO  EdgeService:59 - edge inserted
2023-07-10 22:22:15 INFO  PathService:77 - path retrieved
2023-07-10 22:22:15 INFO  NodeService:119 - node updated
2023-07-10 22:22:15 INFO  NodeService:119 - node updated
2023-07-10 22:22:15 INFO  NodeService:119 - node updated
2023-07-10 22:22:15 INFO  DbService:94 - client saved
2023-07-10 22:22:15 INFO  GraphService:30 - graph selected
2023-07-10 22:22:15 INFO  NodeService:34 - node retrieved
2023-07-10 22:22:15 INFO  NodeService:34 - node retrieved
2023-07-10 22:22:15 INFO  NodeService:34 - node retrieved
2023-07-10 22:22:15 INFO  NodeService:72 - node retrieved
2023-07-10 22:22:15 INFO  NodeService:34 - node retrieved
2023-07-10 22:22:15 INFO  NodeService:34 - node retrieved
2023-07-10 22:22:15 INFO  NodeService:34 - node retrieved
2023-07-10 22:22:15 INFO  NodeService:72 - node retrieved
2023-07-10 22:22:15 INFO  NodeService:34 - node retrieved
2023-07-10 22:22:15 INFO  NodeService:34 - node retrieved
2023-07-10 22:22:15 INFO  NodeService:34 - node retrieved
2023-07-10 22:22:15 INFO  NodeService:72 - node retrieved
2023-07-10 22:22:15 INFO  NodeService:34 - node retrieved
2023-07-10 22:22:15 INFO  NodeService:34 - node retrieved
2023-07-10 22:22:15 INFO  NodeService:34 - node retrieved
2023-07-10 22:22:15 INFO  NodeService:72 - node retrieved
2023-07-10 22:22:15 INFO  NodeService:34 - node retrieved
2023-07-10 22:22:15 INFO  NodeService:34 - node retrieved
2023-07-10 22:22:15 INFO  NodeService:34 - node retrieved
2023-07-10 22:22:15 INFO  NodeService:72 - node retrieved
2023-07-10 22:22:15 INFO  PathService:33 - path retrieved
2023-07-10 22:22:15 INFO  PathService:47 - path retrieved
2023-07-10 22:22:15 INFO  NodeService:34 - node retrieved
2023-07-10 22:22:15 INFO  PathService:61 - path retrieved
2023-07-10 22:22:15 INFO  NodeService:34 - node retrieved
2023-07-10 22:22:15 INFO  EdgeService:75 - edge retrieved
2023-07-10 22:22:15 INFO  EdgeService:44 - edge retrieved
2023-07-10 22:22:15 INFO  NodeService:34 - node retrieved
2023-07-10 22:22:15 INFO  EdgeService:44 - edge retrieved
2023-07-10 22:22:15 INFO  NodeService:34 - node retrieved
2023-07-10 22:22:15 INFO  EdgeService:44 - edge retrieved
2023-07-10 22:22:15 INFO  NodeService:34 - node retrieved
2023-07-10 22:22:15 INFO  EdgeService:75 - edge retrieved
2023-07-10 22:22:15 INFO  EdgeService:44 - edge retrieved
2023-07-10 22:22:15 INFO  NodeService:34 - node retrieved
2023-07-10 22:22:15 INFO  EdgeService:44 - edge retrieved
2023-07-10 22:22:15 INFO  NodeService:34 - node retrieved
2023-07-10 22:22:15 INFO  EdgeService:44 - edge retrieved
2023-07-10 22:22:15 INFO  NodeService:34 - node retrieved
2023-07-10 22:22:15 INFO  NodeService:87 - node retrieved
2023-07-10 22:22:15 INFO  NodeService:34 - node retrieved
2023-07-10 22:22:15 INFO  NodeService:34 - node retrieved
2023-07-10 22:22:15 INFO  NodeService:34 - node retrieved
2023-07-10 22:22:15 INFO  DbService:62 - client retrieved
2023-07-10 22:24:47 INFO  DbService:106 - client removed
2023-07-10 22:26:19 INFO  DbService:106 - client removed
2023-07-10 22:27:20 INFO  GraphService:46 - graph inserted
2023-07-10 22:27:20 INFO  NodeService:103 - node inserted
2023-07-10 22:27:20 INFO  NodeService:103 - node inserted
2023-07-10 22:27:20 INFO  NodeService:103 - node inserted
2023-07-10 22:27:20 INFO  NodeService:103 - node inserted
2023-07-10 22:27:20 INFO  NodeService:103 - node inserted
2023-07-10 22:27:20 INFO  EdgeService:59 - edge inserted
2023-07-10 22:27:20 INFO  EdgeService:59 - edge inserted
2023-07-10 22:27:20 INFO  EdgeService:59 - edge inserted
2023-07-10 22:27:20 INFO  EdgeService:59 - edge inserted
2023-07-10 22:27:20 INFO  EdgeService:59 - edge inserted
2023-07-10 22:27:20 INFO  EdgeService:59 - edge inserted
2023-07-10 22:27:20 INFO  EdgeService:59 - edge inserted
2023-07-10 22:27:20 INFO  EdgeService:59 - edge inserted
2023-07-10 22:27:20 INFO  EdgeService:59 - edge inserted
2023-07-10 22:27:20 INFO  EdgeService:59 - edge inserted
2023-07-10 22:27:20 INFO  EdgeService:59 - edge inserted
2023-07-10 22:27:20 INFO  EdgeService:59 - edge inserted
2023-07-10 22:27:20 INFO  EdgeService:59 - edge inserted
2023-07-10 22:27:20 INFO  EdgeService:59 - edge inserted
2023-07-10 22:27:20 INFO  EdgeService:59 - edge inserted
2023-07-10 22:27:20 INFO  PathService:77 - path retrieved
2023-07-10 22:27:20 INFO  NodeService:119 - node updated
2023-07-10 22:27:20 INFO  NodeService:119 - node updated
2023-07-10 22:27:20 INFO  NodeService:119 - node updated
2023-07-10 22:27:20 INFO  DbService:94 - client saved
2023-07-10 22:28:44 INFO  GraphService:46 - graph inserted
2023-07-10 22:28:45 INFO  NodeService:103 - node inserted
2023-07-10 22:28:45 INFO  NodeService:103 - node inserted
2023-07-10 22:28:45 INFO  NodeService:103 - node inserted
2023-07-10 22:28:45 INFO  NodeService:103 - node inserted
2023-07-10 22:28:45 INFO  NodeService:103 - node inserted
2023-07-10 22:28:45 INFO  EdgeService:59 - edge inserted
2023-07-10 22:28:45 INFO  EdgeService:59 - edge inserted
2023-07-10 22:28:45 INFO  EdgeService:59 - edge inserted
2023-07-10 22:28:45 INFO  EdgeService:59 - edge inserted
2023-07-10 22:28:45 INFO  EdgeService:59 - edge inserted
2023-07-10 22:28:45 INFO  EdgeService:59 - edge inserted
2023-07-10 22:28:45 INFO  EdgeService:59 - edge inserted
2023-07-10 22:28:45 INFO  EdgeService:59 - edge inserted
2023-07-10 22:28:45 INFO  EdgeService:59 - edge inserted
2023-07-10 22:28:45 INFO  EdgeService:59 - edge inserted
2023-07-10 22:28:45 INFO  EdgeService:59 - edge inserted
2023-07-10 22:28:45 INFO  EdgeService:59 - edge inserted
2023-07-10 22:28:45 INFO  EdgeService:59 - edge inserted
2023-07-10 22:28:45 INFO  EdgeService:59 - edge inserted
2023-07-10 22:28:45 INFO  EdgeService:59 - edge inserted
2023-07-10 22:28:45 INFO  PathService:77 - path retrieved
2023-07-10 22:28:45 INFO  NodeService:119 - node updated
2023-07-10 22:28:45 INFO  NodeService:119 - node updated
2023-07-10 22:28:45 INFO  DbService:134 - graph saved
2023-07-10 22:30:26 INFO  GraphService:30 - graph selected
2023-07-10 22:30:26 INFO  NodeService:34 - node retrieved
2023-07-10 22:30:26 INFO  NodeService:34 - node retrieved
2023-07-10 22:30:26 INFO  NodeService:34 - node retrieved
2023-07-10 22:30:26 INFO  NodeService:72 - node retrieved
2023-07-10 22:30:26 INFO  NodeService:34 - node retrieved
2023-07-10 22:30:26 INFO  NodeService:34 - node retrieved
2023-07-10 22:30:26 INFO  NodeService:34 - node retrieved
2023-07-10 22:30:26 INFO  NodeService:72 - node retrieved
2023-07-10 22:30:26 INFO  NodeService:34 - node retrieved
2023-07-10 22:30:26 INFO  NodeService:34 - node retrieved
2023-07-10 22:30:26 INFO  NodeService:34 - node retrieved
2023-07-10 22:30:26 INFO  NodeService:72 - node retrieved
2023-07-10 22:30:26 INFO  NodeService:34 - node retrieved
2023-07-10 22:30:26 INFO  NodeService:34 - node retrieved
2023-07-10 22:30:26 INFO  NodeService:34 - node retrieved
2023-07-10 22:30:26 INFO  NodeService:72 - node retrieved
2023-07-10 22:30:26 INFO  NodeService:34 - node retrieved
2023-07-10 22:30:26 INFO  NodeService:34 - node retrieved
2023-07-10 22:30:26 INFO  NodeService:34 - node retrieved
2023-07-10 22:30:26 INFO  NodeService:72 - node retrieved
2023-07-10 22:30:26 INFO  PathService:33 - path retrieved
2023-07-10 22:30:26 INFO  PathService:47 - path retrieved
2023-07-10 22:30:26 INFO  NodeService:34 - node retrieved
2023-07-10 22:30:26 INFO  PathService:61 - path retrieved
2023-07-10 22:30:26 INFO  NodeService:34 - node retrieved
2023-07-10 22:30:26 INFO  EdgeService:75 - edge retrieved
2023-07-10 22:30:26 INFO  EdgeService:44 - edge retrieved
2023-07-10 22:30:26 INFO  NodeService:34 - node retrieved
2023-07-10 22:30:26 INFO  EdgeService:44 - edge retrieved
2023-07-10 22:30:26 INFO  NodeService:34 - node retrieved
2023-07-10 22:30:26 INFO  EdgeService:44 - edge retrieved
2023-07-10 22:30:26 INFO  NodeService:34 - node retrieved
2023-07-10 22:30:26 INFO  EdgeService:75 - edge retrieved
2023-07-10 22:30:26 INFO  EdgeService:44 - edge retrieved
2023-07-10 22:30:26 INFO  NodeService:34 - node retrieved
2023-07-10 22:30:26 INFO  EdgeService:44 - edge retrieved
2023-07-10 22:30:26 INFO  NodeService:34 - node retrieved
2023-07-10 22:30:26 INFO  EdgeService:44 - edge retrieved
2023-07-10 22:30:26 INFO  NodeService:34 - node retrieved
2023-07-10 22:30:26 INFO  NodeService:87 - node retrieved
2023-07-10 22:30:26 INFO  NodeService:34 - node retrieved
2023-07-10 22:30:26 INFO  NodeService:34 - node retrieved
2023-07-10 22:30:26 INFO  NodeService:34 - node retrieved
2023-07-10 22:30:27 INFO  NodeService:34 - node retrieved
2023-07-10 22:30:27 INFO  NodeService:34 - node retrieved
2023-07-10 22:30:27 INFO  NodeService:34 - node retrieved
2023-07-10 22:30:27 INFO  NodeService:72 - node retrieved
2023-07-10 22:30:27 INFO  NodeService:34 - node retrieved
2023-07-10 22:30:27 INFO  NodeService:34 - node retrieved
2023-07-10 22:30:27 INFO  NodeService:34 - node retrieved
2023-07-10 22:30:27 INFO  NodeService:72 - node retrieved
2023-07-10 22:30:27 INFO  NodeService:34 - node retrieved
2023-07-10 22:30:27 INFO  NodeService:34 - node retrieved
2023-07-10 22:30:27 INFO  NodeService:34 - node retrieved
2023-07-10 22:30:27 INFO  NodeService:72 - node retrieved
2023-07-10 22:30:27 INFO  NodeService:34 - node retrieved
2023-07-10 22:30:27 INFO  NodeService:34 - node retrieved
2023-07-10 22:30:27 INFO  NodeService:34 - node retrieved
2023-07-10 22:30:27 INFO  NodeService:72 - node retrieved
2023-07-10 22:30:27 INFO  NodeService:34 - node retrieved
2023-07-10 22:30:27 INFO  NodeService:34 - node retrieved
2023-07-10 22:30:27 INFO  NodeService:34 - node retrieved
2023-07-10 22:30:27 INFO  NodeService:72 - node retrieved
2023-07-10 22:30:27 INFO  PathService:33 - path retrieved
2023-07-10 22:30:27 INFO  PathService:47 - path retrieved
2023-07-10 22:30:27 INFO  NodeService:34 - node retrieved
2023-07-10 22:30:27 INFO  PathService:61 - path retrieved
2023-07-10 22:30:27 INFO  NodeService:34 - node retrieved
2023-07-10 22:30:27 INFO  EdgeService:75 - edge retrieved
2023-07-10 22:30:27 INFO  EdgeService:44 - edge retrieved
2023-07-10 22:30:27 INFO  NodeService:34 - node retrieved
2023-07-10 22:30:27 INFO  EdgeService:44 - edge retrieved
2023-07-10 22:30:27 INFO  NodeService:34 - node retrieved
2023-07-10 22:30:27 INFO  EdgeService:44 - edge retrieved
2023-07-10 22:30:27 INFO  NodeService:34 - node retrieved
2023-07-10 22:30:27 INFO  EdgeService:75 - edge retrieved
2023-07-10 22:30:27 INFO  EdgeService:44 - edge retrieved
2023-07-10 22:30:27 INFO  NodeService:34 - node retrieved
2023-07-10 22:30:27 INFO  EdgeService:44 - edge retrieved
2023-07-10 22:30:27 INFO  NodeService:34 - node retrieved
2023-07-10 22:30:27 INFO  EdgeService:44 - edge retrieved
2023-07-10 22:30:27 INFO  NodeService:34 - node retrieved
2023-07-10 22:30:27 INFO  NodeService:87 - node retrieved
2023-07-10 22:30:27 INFO  NodeService:34 - node retrieved
2023-07-10 22:30:27 INFO  NodeService:34 - node retrieved
2023-07-10 22:30:27 INFO  DbService:62 - client retrieved
